2025-07-22 15:52:26.564  INFO 46119 --- [main] f.x.j.JasmineDiaryApplication            : Starting JasmineDiaryApplication using Java 17.0.12 on undefined.hostname.localhost with PID 46119 (/Users/xysimj/IdeaProjects/JasmineDiary/target/classes started by xysimj in /Users/xysimj/IdeaProjects/JasmineDiary)
2025-07-22 15:52:26.568  INFO 46119 --- [main] f.x.j.JasmineDiaryApplication            : No active profile set, falling back to default profiles: default
2025-07-22 15:52:26.612  INFO 46119 --- [main] .e.DevToolsPropertyDefaultsPostProcessor : Devtools property defaults active! Set 'spring.devtools.add-properties' to 'false' to disable
2025-07-22 15:52:26.612  INFO 46119 --- [main] .e.DevToolsPropertyDefaultsPostProcessor : For additional web related logging consider setting the 'logging.level.web' property to 'DEBUG'
2025-07-22 15:52:27.241  INFO 46119 --- [main] .s.d.r.c.RepositoryConfigurationDelegate : Multiple Spring Data modules found, entering strict repository configuration mode!
2025-07-22 15:52:27.243  INFO 46119 --- [main] .s.d.r.c.RepositoryConfigurationDelegate : Bootstrapping Spring Data Redis repositories in DEFAULT mode.
2025-07-22 15:52:27.276  INFO 46119 --- [main] .s.d.r.c.RepositoryConfigurationDelegate : Finished Spring Data repository scanning in 10 ms. Found 0 Redis repository interfaces.
2025-07-22 15:52:27.980  INFO 46119 --- [main] o.s.b.w.embedded.tomcat.TomcatWebServer  : Tomcat initialized with port(s): 7979 (http)
2025-07-22 15:52:27.994  INFO 46119 --- [main] o.apache.catalina.core.StandardService   : Starting service [Tomcat]
2025-07-22 15:52:27.994  INFO 46119 --- [main] org.apache.catalina.core.StandardEngine  : Starting Servlet engine: [Apache Tomcat/9.0.55]
2025-07-22 15:52:28.050  INFO 46119 --- [main] o.a.c.c.C.[Tomcat].[localhost].[/]       : Initializing Spring embedded WebApplicationContext
2025-07-22 15:52:28.050  INFO 46119 --- [main] w.s.c.ServletWebServerApplicationContext : Root WebApplicationContext: initialization completed in 1438 ms
2025-07-22 15:52:29.274  INFO 46119 --- [main] o.s.b.d.a.OptionalLiveReloadServer       : LiveReload server is running on port 35729
2025-07-22 15:52:29.644  INFO 46119 --- [main] o.s.b.w.embedded.tomcat.TomcatWebServer  : Tomcat started on port(s): 7979 (http) with context path ''
2025-07-22 15:52:29.866  INFO 46119 --- [main] f.x.j.JasmineDiaryApplication            : Started JasmineDiaryApplication in 3.742 seconds (JVM running for 5.361)
2025-07-22 15:58:03.759  INFO 46119 --- [http-nio-7979-exec-1] o.a.c.c.C.[Tomcat].[localhost].[/]       : Initializing Spring DispatcherServlet 'dispatcherServlet'
2025-07-22 15:58:03.760  INFO 46119 --- [http-nio-7979-exec-1] o.s.web.servlet.DispatcherServlet        : Initializing Servlet 'dispatcherServlet'
2025-07-22 15:58:03.764  INFO 46119 --- [http-nio-7979-exec-1] o.s.web.servlet.DispatcherServlet        : Completed initialization in 4 ms
2025-07-22 15:58:03.782  WARN 46119 --- [http-nio-7979-exec-1] o.s.web.servlet.PageNotFound             : No mapping for GET /
2025-07-22 15:58:03.786  WARN 46119 --- [http-nio-7979-exec-1] o.s.web.servlet.PageNotFound             : No mapping for GET /index.html
2025-07-22 15:59:08.014  WARN 46119 --- [http-nio-7979-exec-2] o.s.web.servlet.PageNotFound             : No mapping for GET /
2025-07-22 15:59:08.017  WARN 46119 --- [http-nio-7979-exec-2] o.s.web.servlet.PageNotFound             : No mapping for GET /index.html
2025-07-22 16:05:41.473  INFO 46119 --- [http-nio-7979-exec-6] org.slf4j.LoggerFactory                  : ========================================== Start ==========================================
2025-07-22 16:05:41.476  INFO 46119 --- [http-nio-7979-exec-6] org.slf4j.LoggerFactory                  : URL            : http://localhost:7979/fyl/user/login
2025-07-22 16:05:41.477  INFO 46119 --- [http-nio-7979-exec-6] org.slf4j.LoggerFactory                  : Description    : 
2025-07-22 16:05:41.477  INFO 46119 --- [http-nio-7979-exec-6] org.slf4j.LoggerFactory                  : HTTP Method    : POST
2025-07-22 16:05:41.477  INFO 46119 --- [http-nio-7979-exec-6] org.slf4j.LoggerFactory                  : Class Method   : fly.xysimj.jasminediary.controller.UserController.login
2025-07-22 16:05:41.477  INFO 46119 --- [http-nio-7979-exec-6] org.slf4j.LoggerFactory                  : IP             : 0:0:0:0:0:0:0:1
2025-07-22 16:05:41.570  INFO 46119 --- [http-nio-7979-exec-6] org.slf4j.LoggerFactory                  : Request Args   : {"password":"admin123","username":"admin"}{"attributeNames":[],"creationTime":1753171541443,"id":"1452C793094CD596283755C20BF1C50D","lastAccessedTime":1753171541443,"maxInactiveInterval":1800,"new":true,"servletContext":{"attributeNames":["javax.servlet.context.tempdir","org.apache.catalina.resources","org.apache.catalina.webappVersion","org.springframework.web.context.WebApplicationContext.ROOT","org.springframework.web.context.support.ServletContextScope","org.apache.tomcat.InstanceManager","org.apache.catalina.jsp_classpath","javax.websocket.server.ServerContainer","org.apache.tomcat.JarScanner","org.springframework.web.servlet.FrameworkServlet.CONTEXT.dispatcherServlet"],"contextPath":"","defaultSessionTrackingModes":["COOKIE","URL"],"effectiveMajorVersion":3,"effectiveMinorVersion":0,"effectiveSessionTrackingModes":["COOKIE","URL"],"filterRegistrations":{"Tomcat WebSocket (JSR356) Filter":{"className":"org.apache.tomcat.websocket.server.WsFilter","initParameters":{},"name":"Tomcat WebSocket (JSR356) Filter","servletNameMappings":[],"urlPatternMappings":["/*"]},"characterEncodingFilter":{"className":"org.springframework.boot.web.servlet.filter.OrderedCharacterEncodingFilter","initParameters":{},"name":"characterEncodingFilter","servletNameMappings":[],"urlPatternMappings":["/*"]}},"initParameterNames":[],"majorVersion":4,"minorVersion":0,"serverInfo":"Apache Tomcat/9.0.55","servletContextName":"application","servletNames":[],"servletRegistrations":{"dispatcherServlet":{"className":"org.springframework.web.servlet.DispatcherServlet","initParameters":{},"mappings":["/"],"name":"dispatcherServlet"}},"servlets":[],"sessionCookieConfig":{"httpOnly":false,"maxAge":-1,"secure":false},"sessionTimeout":30,"virtualServerName":"Tomcat/localhost"},"sessionContext":{"ids":[]},"valueNames":[]}
2025-07-22 16:05:41.617  INFO 46119 --- [http-nio-7979-exec-6] com.zaxxer.hikari.HikariDataSource       : HikariPool-1 - Starting...
2025-07-22 16:05:42.898 ERROR 46119 --- [http-nio-7979-exec-6] com.zaxxer.hikari.pool.HikariPool        : HikariPool-1 - Exception during pool initialization.

com.mysql.cj.jdbc.exceptions.CommunicationsException: Communications link failure

The last packet sent successfully to the server was 0 milliseconds ago. The driver has not received any packets from the server.
	at com.mysql.cj.jdbc.exceptions.SQLError.createCommunicationsException(SQLError.java:174) ~[mysql-connector-java-8.0.27.jar:8.0.27]
	at com.mysql.cj.jdbc.exceptions.SQLExceptionsMapping.translateException(SQLExceptionsMapping.java:64) ~[mysql-connector-java-8.0.27.jar:8.0.27]
	at com.mysql.cj.jdbc.ConnectionImpl.createNewIO(ConnectionImpl.java:828) ~[mysql-connector-java-8.0.27.jar:8.0.27]
	at com.mysql.cj.jdbc.ConnectionImpl.<init>(ConnectionImpl.java:448) ~[mysql-connector-java-8.0.27.jar:8.0.27]
	at com.mysql.cj.jdbc.ConnectionImpl.getInstance(ConnectionImpl.java:241) ~[mysql-connector-java-8.0.27.jar:8.0.27]
	at com.mysql.cj.jdbc.NonRegisteringDriver.connect(NonRegisteringDriver.java:198) ~[mysql-connector-java-8.0.27.jar:8.0.27]
	at com.zaxxer.hikari.util.DriverDataSource.getConnection(DriverDataSource.java:138) ~[HikariCP-4.0.3.jar:na]
	at com.zaxxer.hikari.pool.PoolBase.newConnection(PoolBase.java:364) ~[HikariCP-4.0.3.jar:na]
	at com.zaxxer.hikari.pool.PoolBase.newPoolEntry(PoolBase.java:206) ~[HikariCP-4.0.3.jar:na]
	at com.zaxxer.hikari.pool.HikariPool.createPoolEntry(HikariPool.java:476) ~[HikariCP-4.0.3.jar:na]
	at com.zaxxer.hikari.pool.HikariPool.checkFailFast(HikariPool.java:561) ~[HikariCP-4.0.3.jar:na]
	at com.zaxxer.hikari.pool.HikariPool.<init>(HikariPool.java:115) ~[HikariCP-4.0.3.jar:na]
	at com.zaxxer.hikari.HikariDataSource.getConnection(HikariDataSource.java:112) ~[HikariCP-4.0.3.jar:na]
	at org.springframework.jdbc.datasource.DataSourceUtils.fetchConnection(DataSourceUtils.java:159) ~[spring-jdbc-5.3.13.jar:5.3.13]
	at org.springframework.jdbc.datasource.DataSourceUtils.doGetConnection(DataSourceUtils.java:117) ~[spring-jdbc-5.3.13.jar:5.3.13]
	at org.springframework.jdbc.datasource.DataSourceUtils.getConnection(DataSourceUtils.java:80) ~[spring-jdbc-5.3.13.jar:5.3.13]
	at org.mybatis.spring.transaction.SpringManagedTransaction.openConnection(SpringManagedTransaction.java:80) ~[mybatis-spring-2.1.2.jar:2.1.2]
	at org.mybatis.spring.transaction.SpringManagedTransaction.getConnection(SpringManagedTransaction.java:67) ~[mybatis-spring-2.1.2.jar:2.1.2]
	at org.apache.ibatis.executor.BaseExecutor.getConnection(BaseExecutor.java:348) ~[mybatis-3.5.16.jar:3.5.16]
	at org.apache.ibatis.executor.SimpleExecutor.prepareStatement(SimpleExecutor.java:89) ~[mybatis-3.5.16.jar:3.5.16]
	at org.apache.ibatis.executor.SimpleExecutor.doQuery(SimpleExecutor.java:64) ~[mybatis-3.5.16.jar:3.5.16]
	at org.apache.ibatis.executor.BaseExecutor.queryFromDatabase(BaseExecutor.java:336) ~[mybatis-3.5.16.jar:3.5.16]
	at org.apache.ibatis.executor.BaseExecutor.query(BaseExecutor.java:158) ~[mybatis-3.5.16.jar:3.5.16]
	at org.apache.ibatis.executor.CachingExecutor.query(CachingExecutor.java:110) ~[mybatis-3.5.16.jar:3.5.16]
	at org.apache.ibatis.executor.CachingExecutor.query(CachingExecutor.java:90) ~[mybatis-3.5.16.jar:3.5.16]
	at org.apache.ibatis.session.defaults.DefaultSqlSession.selectList(DefaultSqlSession.java:154) ~[mybatis-3.5.16.jar:3.5.16]
	at org.apache.ibatis.session.defaults.DefaultSqlSession.selectList(DefaultSqlSession.java:147) ~[mybatis-3.5.16.jar:3.5.16]
	at org.apache.ibatis.session.defaults.DefaultSqlSession.selectList(DefaultSqlSession.java:142) ~[mybatis-3.5.16.jar:3.5.16]
	at org.apache.ibatis.session.defaults.DefaultSqlSession.selectOne(DefaultSqlSession.java:75) ~[mybatis-3.5.16.jar:3.5.16]
	at java.base/jdk.internal.reflect.NativeMethodAccessorImpl.invoke0(Native Method) ~[na:na]
	at java.base/jdk.internal.reflect.NativeMethodAccessorImpl.invoke(NativeMethodAccessorImpl.java:77) ~[na:na]
	at java.base/jdk.internal.reflect.DelegatingMethodAccessorImpl.invoke(DelegatingMethodAccessorImpl.java:43) ~[na:na]
	at java.base/java.lang.reflect.Method.invoke(Method.java:568) ~[na:na]
	at org.mybatis.spring.SqlSessionTemplate$SqlSessionInterceptor.invoke(SqlSessionTemplate.java:425) ~[mybatis-spring-2.1.2.jar:2.1.2]
	at jdk.proxy2/jdk.proxy2.$Proxy102.selectOne(Unknown Source) ~[na:na]
	at org.mybatis.spring.SqlSessionTemplate.selectOne(SqlSessionTemplate.java:160) ~[mybatis-spring-2.1.2.jar:2.1.2]
	at com.baomidou.mybatisplus.core.override.MybatisMapperMethod.execute(MybatisMapperMethod.java:87) ~[mybatis-plus-core-3.5.9.jar:3.5.9]
	at com.baomidou.mybatisplus.core.override.MybatisMapperProxy$PlainMethodInvoker.invoke(MybatisMapperProxy.java:152) ~[mybatis-plus-core-3.5.9.jar:3.5.9]
	at com.baomidou.mybatisplus.core.override.MybatisMapperProxy.invoke(MybatisMapperProxy.java:89) ~[mybatis-plus-core-3.5.9.jar:3.5.9]
	at jdk.proxy2/jdk.proxy2.$Proxy108.getUser(Unknown Source) ~[na:na]
	at fly.xysimj.jasminediary.service.UserService.userLogin(UserService.java:51) ~[classes/:na]
	at fly.xysimj.jasminediary.controller.UserController.login(UserController.java:50) ~[classes/:na]
	at fly.xysimj.jasminediary.controller.UserController$$FastClassBySpringCGLIB$$1.invoke(<generated>) ~[classes/:na]
	at org.springframework.cglib.proxy.MethodProxy.invoke(MethodProxy.java:218) ~[spring-core-5.3.13.jar:5.3.13]
	at org.springframework.aop.framework.CglibAopProxy$CglibMethodInvocation.invokeJoinpoint(CglibAopProxy.java:783) ~[spring-aop-5.3.13.jar:5.3.13]
	at org.springframework.aop.framework.ReflectiveMethodInvocation.proceed(ReflectiveMethodInvocation.java:163) ~[spring-aop-5.3.13.jar:5.3.13]
	at org.springframework.aop.framework.CglibAopProxy$CglibMethodInvocation.proceed(CglibAopProxy.java:753) ~[spring-aop-5.3.13.jar:5.3.13]
	at org.springframework.aop.aspectj.AspectJAfterAdvice.invoke(AspectJAfterAdvice.java:49) ~[spring-aop-5.3.13.jar:5.3.13]
	at org.springframework.aop.framework.ReflectiveMethodInvocation.proceed(ReflectiveMethodInvocation.java:186) ~[spring-aop-5.3.13.jar:5.3.13]
	at org.springframework.aop.framework.CglibAopProxy$CglibMethodInvocation.proceed(CglibAopProxy.java:753) ~[spring-aop-5.3.13.jar:5.3.13]
	at org.springframework.aop.framework.adapter.MethodBeforeAdviceInterceptor.invoke(MethodBeforeAdviceInterceptor.java:58) ~[spring-aop-5.3.13.jar:5.3.13]
	at org.springframework.aop.framework.ReflectiveMethodInvocation.proceed(ReflectiveMethodInvocation.java:186) ~[spring-aop-5.3.13.jar:5.3.13]
	at org.springframework.aop.framework.CglibAopProxy$CglibMethodInvocation.proceed(CglibAopProxy.java:753) ~[spring-aop-5.3.13.jar:5.3.13]
	at org.springframework.aop.aspectj.MethodInvocationProceedingJoinPoint.proceed(MethodInvocationProceedingJoinPoint.java:89) ~[spring-aop-5.3.13.jar:5.3.13]
	at fly.xysimj.jasminediary.config.aspect.LogPrintAspect.doAround(LogPrintAspect.java:76) ~[classes/:na]
	at java.base/jdk.internal.reflect.NativeMethodAccessorImpl.invoke0(Native Method) ~[na:na]
	at java.base/jdk.internal.reflect.NativeMethodAccessorImpl.invoke(NativeMethodAccessorImpl.java:77) ~[na:na]
	at java.base/jdk.internal.reflect.DelegatingMethodAccessorImpl.invoke(DelegatingMethodAccessorImpl.java:43) ~[na:na]
	at java.base/java.lang.reflect.Method.invoke(Method.java:568) ~[na:na]
	at org.springframework.aop.aspectj.AbstractAspectJAdvice.invokeAdviceMethodWithGivenArgs(AbstractAspectJAdvice.java:634) ~[spring-aop-5.3.13.jar:5.3.13]
	at org.springframework.aop.aspectj.AbstractAspectJAdvice.invokeAdviceMethod(AbstractAspectJAdvice.java:624) ~[spring-aop-5.3.13.jar:5.3.13]
	at org.springframework.aop.aspectj.AspectJAroundAdvice.invoke(AspectJAroundAdvice.java:72) ~[spring-aop-5.3.13.jar:5.3.13]
	at org.springframework.aop.framework.ReflectiveMethodInvocation.proceed(ReflectiveMethodInvocation.java:186) ~[spring-aop-5.3.13.jar:5.3.13]
	at org.springframework.aop.framework.CglibAopProxy$CglibMethodInvocation.proceed(CglibAopProxy.java:753) ~[spring-aop-5.3.13.jar:5.3.13]
	at org.springframework.aop.interceptor.ExposeInvocationInterceptor.invoke(ExposeInvocationInterceptor.java:97) ~[spring-aop-5.3.13.jar:5.3.13]
	at org.springframework.aop.framework.ReflectiveMethodInvocation.proceed(ReflectiveMethodInvocation.java:186) ~[spring-aop-5.3.13.jar:5.3.13]
	at org.springframework.aop.framework.CglibAopProxy$CglibMethodInvocation.proceed(CglibAopProxy.java:753) ~[spring-aop-5.3.13.jar:5.3.13]
	at org.springframework.aop.framework.CglibAopProxy$DynamicAdvisedInterceptor.intercept(CglibAopProxy.java:698) ~[spring-aop-5.3.13.jar:5.3.13]
	at fly.xysimj.jasminediary.controller.UserController$$EnhancerBySpringCGLIB$$1.login(<generated>) ~[classes/:na]
	at java.base/jdk.internal.reflect.NativeMethodAccessorImpl.invoke0(Native Method) ~[na:na]
	at java.base/jdk.internal.reflect.NativeMethodAccessorImpl.invoke(NativeMethodAccessorImpl.java:77) ~[na:na]
	at java.base/jdk.internal.reflect.DelegatingMethodAccessorImpl.invoke(DelegatingMethodAccessorImpl.java:43) ~[na:na]
	at java.base/java.lang.reflect.Method.invoke(Method.java:568) ~[na:na]
	at org.springframework.web.method.support.InvocableHandlerMethod.doInvoke(InvocableHandlerMethod.java:205) ~[spring-web-5.3.13.jar:5.3.13]
	at org.springframework.web.method.support.InvocableHandlerMethod.invokeForRequest(InvocableHandlerMethod.java:150) ~[spring-web-5.3.13.jar:5.3.13]
	at org.springframework.web.servlet.mvc.method.annotation.ServletInvocableHandlerMethod.invokeAndHandle(ServletInvocableHandlerMethod.java:117) ~[spring-webmvc-5.3.13.jar:5.3.13]
	at org.springframework.web.servlet.mvc.method.annotation.RequestMappingHandlerAdapter.invokeHandlerMethod(RequestMappingHandlerAdapter.java:895) ~[spring-webmvc-5.3.13.jar:5.3.13]
	at org.springframework.web.servlet.mvc.method.annotation.RequestMappingHandlerAdapter.handleInternal(RequestMappingHandlerAdapter.java:808) ~[spring-webmvc-5.3.13.jar:5.3.13]
	at org.springframework.web.servlet.mvc.method.AbstractHandlerMethodAdapter.handle(AbstractHandlerMethodAdapter.java:87) ~[spring-webmvc-5.3.13.jar:5.3.13]
	at org.springframework.web.servlet.DispatcherServlet.doDispatch(DispatcherServlet.java:1067) ~[spring-webmvc-5.3.13.jar:5.3.13]
	at org.springframework.web.servlet.DispatcherServlet.doService(DispatcherServlet.java:963) ~[spring-webmvc-5.3.13.jar:5.3.13]
	at org.springframework.web.servlet.FrameworkServlet.processRequest(FrameworkServlet.java:1006) ~[spring-webmvc-5.3.13.jar:5.3.13]
	at org.springframework.web.servlet.FrameworkServlet.doPost(FrameworkServlet.java:909) ~[spring-webmvc-5.3.13.jar:5.3.13]
	at javax.servlet.http.HttpServlet.service(HttpServlet.java:681) ~[tomcat-embed-core-9.0.55.jar:4.0.FR]
	at org.springframework.web.servlet.FrameworkServlet.service(FrameworkServlet.java:883) ~[spring-webmvc-5.3.13.jar:5.3.13]
	at javax.servlet.http.HttpServlet.service(HttpServlet.java:764) ~[tomcat-embed-core-9.0.55.jar:4.0.FR]
	at org.apache.catalina.core.ApplicationFilterChain.internalDoFilter(ApplicationFilterChain.java:227) ~[tomcat-embed-core-9.0.55.jar:9.0.55]
	at org.apache.catalina.core.ApplicationFilterChain.doFilter(ApplicationFilterChain.java:162) ~[tomcat-embed-core-9.0.55.jar:9.0.55]
	at org.apache.tomcat.websocket.server.WsFilter.doFilter(WsFilter.java:53) ~[tomcat-embed-websocket-9.0.55.jar:9.0.55]
	at org.apache.catalina.core.ApplicationFilterChain.internalDoFilter(ApplicationFilterChain.java:189) ~[tomcat-embed-core-9.0.55.jar:9.0.55]
	at org.apache.catalina.core.ApplicationFilterChain.doFilter(ApplicationFilterChain.java:162) ~[tomcat-embed-core-9.0.55.jar:9.0.55]
	at org.springframework.web.filter.CharacterEncodingFilter.doFilterInternal(CharacterEncodingFilter.java:201) ~[spring-web-5.3.13.jar:5.3.13]
	at org.springframework.web.filter.OncePerRequestFilter.doFilter(OncePerRequestFilter.java:119) ~[spring-web-5.3.13.jar:5.3.13]
	at org.apache.catalina.core.ApplicationFilterChain.internalDoFilter(ApplicationFilterChain.java:189) ~[tomcat-embed-core-9.0.55.jar:9.0.55]
	at org.apache.catalina.core.ApplicationFilterChain.doFilter(ApplicationFilterChain.java:162) ~[tomcat-embed-core-9.0.55.jar:9.0.55]
	at org.apache.catalina.core.StandardWrapperValve.invoke(StandardWrapperValve.java:197) ~[tomcat-embed-core-9.0.55.jar:9.0.55]
	at org.apache.catalina.core.StandardContextValve.__invoke(StandardContextValve.java:97) ~[tomcat-embed-core-9.0.55.jar:9.0.55]
	at org.apache.catalina.core.StandardContextValve.invoke(StandardContextValve.java:41002) ~[tomcat-embed-core-9.0.55.jar:9.0.55]
	at org.apache.catalina.authenticator.AuthenticatorBase.invoke(AuthenticatorBase.java:540) ~[tomcat-embed-core-9.0.55.jar:9.0.55]
	at org.apache.catalina.core.StandardHostValve.invoke(StandardHostValve.java:135) ~[tomcat-embed-core-9.0.55.jar:9.0.55]
	at org.apache.catalina.valves.ErrorReportValve.invoke(ErrorReportValve.java:92) ~[tomcat-embed-core-9.0.55.jar:9.0.55]
	at org.apache.catalina.core.StandardEngineValve.invoke(StandardEngineValve.java:78) ~[tomcat-embed-core-9.0.55.jar:9.0.55]
	at org.apache.catalina.connector.CoyoteAdapter.service(CoyoteAdapter.java:357) ~[tomcat-embed-core-9.0.55.jar:9.0.55]
	at org.apache.coyote.http11.Http11Processor.service(Http11Processor.java:382) ~[tomcat-embed-core-9.0.55.jar:9.0.55]
	at org.apache.coyote.AbstractProcessorLight.process(AbstractProcessorLight.java:65) ~[tomcat-embed-core-9.0.55.jar:9.0.55]
	at org.apache.coyote.AbstractProtocol$ConnectionHandler.process(AbstractProtocol.java:895) ~[tomcat-embed-core-9.0.55.jar:9.0.55]
	at org.apache.tomcat.util.net.NioEndpoint$SocketProcessor.doRun(NioEndpoint.java:1722) ~[tomcat-embed-core-9.0.55.jar:9.0.55]
	at org.apache.tomcat.util.net.SocketProcessorBase.run(SocketProcessorBase.java:49) ~[tomcat-embed-core-9.0.55.jar:9.0.55]
	at org.apache.tomcat.util.threads.ThreadPoolExecutor.runWorker(ThreadPoolExecutor.java:1191) ~[tomcat-embed-core-9.0.55.jar:9.0.55]
	at org.apache.tomcat.util.threads.ThreadPoolExecutor$Worker.run(ThreadPoolExecutor.java:659) ~[tomcat-embed-core-9.0.55.jar:9.0.55]
	at org.apache.tomcat.util.threads.TaskThread$WrappingRunnable.run(TaskThread.java:61) ~[tomcat-embed-core-9.0.55.jar:9.0.55]
	at java.base/java.lang.Thread.run(Thread.java:842) ~[na:na]
Caused by: com.mysql.cj.exceptions.CJCommunicationsException: Communications link failure

The last packet sent successfully to the server was 0 milliseconds ago. The driver has not received any packets from the server.
	at java.base/jdk.internal.reflect.NativeConstructorAccessorImpl.newInstance0(Native Method) ~[na:na]
	at java.base/jdk.internal.reflect.NativeConstructorAccessorImpl.newInstance(NativeConstructorAccessorImpl.java:77) ~[na:na]
	at java.base/jdk.internal.reflect.DelegatingConstructorAccessorImpl.newInstance(DelegatingConstructorAccessorImpl.java:45) ~[na:na]
	at java.base/java.lang.reflect.Constructor.newInstanceWithCaller(Constructor.java:499) ~[na:na]
	at java.base/java.lang.reflect.Constructor.newInstance(Constructor.java:480) ~[na:na]
	at com.mysql.cj.exceptions.ExceptionFactory.createException(ExceptionFactory.java:61) ~[mysql-connector-java-8.0.27.jar:8.0.27]
	at com.mysql.cj.exceptions.ExceptionFactory.createException(ExceptionFactory.java:105) ~[mysql-connector-java-8.0.27.jar:8.0.27]
	at com.mysql.cj.exceptions.ExceptionFactory.createException(ExceptionFactory.java:151) ~[mysql-connector-java-8.0.27.jar:8.0.27]
	at com.mysql.cj.exceptions.ExceptionFactory.createCommunicationsException(ExceptionFactory.java:167) ~[mysql-connector-java-8.0.27.jar:8.0.27]
	at com.mysql.cj.protocol.a.NativeSocketConnection.connect(NativeSocketConnection.java:89) ~[mysql-connector-java-8.0.27.jar:8.0.27]
	at com.mysql.cj.NativeSession.connect(NativeSession.java:120) ~[mysql-connector-java-8.0.27.jar:8.0.27]
	at com.mysql.cj.jdbc.ConnectionImpl.connectOneTryOnly(ConnectionImpl.java:948) ~[mysql-connector-java-8.0.27.jar:8.0.27]
	at com.mysql.cj.jdbc.ConnectionImpl.createNewIO(ConnectionImpl.java:818) ~[mysql-connector-java-8.0.27.jar:8.0.27]
	... 109 common frames omitted
Caused by: java.net.ConnectException: Connection refused
	at java.base/sun.nio.ch.Net.pollConnect(Native Method) ~[na:na]
	at java.base/sun.nio.ch.Net.pollConnectNow(Net.java:672) ~[na:na]
	at java.base/sun.nio.ch.NioSocketImpl.timedFinishConnect(NioSocketImpl.java:554) ~[na:na]
	at java.base/sun.nio.ch.NioSocketImpl.connect(NioSocketImpl.java:602) ~[na:na]
	at java.base/java.net.SocksSocketImpl.connect(SocksSocketImpl.java:327) ~[na:na]
	at java.base/java.net.Socket.connect(Socket.java:633) ~[na:na]
	at com.mysql.cj.protocol.StandardSocketFactory.connect(StandardSocketFactory.java:156) ~[mysql-connector-java-8.0.27.jar:8.0.27]
	at com.mysql.cj.protocol.a.NativeSocketConnection.connect(NativeSocketConnection.java:63) ~[mysql-connector-java-8.0.27.jar:8.0.27]
	... 112 common frames omitted

2025-07-22 16:05:42.908  INFO 46119 --- [http-nio-7979-exec-6] org.slf4j.LoggerFactory                  : =========================================== End ===========================================

2025-07-22 16:07:13.826  INFO 46119 --- [http-nio-7979-exec-7] org.slf4j.LoggerFactory                  : ========================================== Start ==========================================
2025-07-22 16:07:13.827  INFO 46119 --- [http-nio-7979-exec-7] org.slf4j.LoggerFactory                  : URL            : http://localhost:7979/fyl/user/login
2025-07-22 16:07:13.827  INFO 46119 --- [http-nio-7979-exec-7] org.slf4j.LoggerFactory                  : Description    : 
2025-07-22 16:07:13.827  INFO 46119 --- [http-nio-7979-exec-7] org.slf4j.LoggerFactory                  : HTTP Method    : POST
2025-07-22 16:07:13.827  INFO 46119 --- [http-nio-7979-exec-7] org.slf4j.LoggerFactory                  : Class Method   : fly.xysimj.jasminediary.controller.UserController.login
2025-07-22 16:07:13.828  INFO 46119 --- [http-nio-7979-exec-7] org.slf4j.LoggerFactory                  : IP             : 0:0:0:0:0:0:0:1
2025-07-22 16:07:13.830  INFO 46119 --- [http-nio-7979-exec-7] org.slf4j.LoggerFactory                  : Request Args   : {"password":"admin123","username":"admin"}{"attributeNames":[],"creationTime":1753171541443,"id":"1452C793094CD596283755C20BF1C50D","lastAccessedTime":1753171542960,"maxInactiveInterval":1800,"new":false,"servletContext":{"attributeNames":["javax.servlet.context.tempdir","org.apache.catalina.resources","org.apache.catalina.webappVersion","org.springframework.web.context.WebApplicationContext.ROOT","org.springframework.web.context.support.ServletContextScope","org.apache.tomcat.InstanceManager","org.apache.catalina.jsp_classpath","javax.websocket.server.ServerContainer","org.apache.tomcat.JarScanner","org.springframework.web.servlet.FrameworkServlet.CONTEXT.dispatcherServlet"],"contextPath":"","defaultSessionTrackingModes":["COOKIE","URL"],"effectiveMajorVersion":3,"effectiveMinorVersion":0,"effectiveSessionTrackingModes":["COOKIE","URL"],"filterRegistrations":{"Tomcat WebSocket (JSR356) Filter":{"className":"org.apache.tomcat.websocket.server.WsFilter","initParameters":{},"name":"Tomcat WebSocket (JSR356) Filter","servletNameMappings":[],"urlPatternMappings":["/*"]},"characterEncodingFilter":{"className":"org.springframework.boot.web.servlet.filter.OrderedCharacterEncodingFilter","initParameters":{},"name":"characterEncodingFilter","servletNameMappings":[],"urlPatternMappings":["/*"]}},"initParameterNames":[],"majorVersion":4,"minorVersion":0,"serverInfo":"Apache Tomcat/9.0.55","servletContextName":"application","servletNames":[],"servletRegistrations":{"dispatcherServlet":{"className":"org.springframework.web.servlet.DispatcherServlet","initParameters":{},"mappings":["/"],"name":"dispatcherServlet"}},"servlets":[],"sessionCookieConfig":{"httpOnly":false,"maxAge":-1,"secure":false},"sessionTimeout":30,"virtualServerName":"Tomcat/localhost"},"sessionContext":{"ids":[]},"valueNames":[]}
2025-07-22 16:07:13.831  INFO 46119 --- [http-nio-7979-exec-7] com.zaxxer.hikari.HikariDataSource       : HikariPool-1 - Starting...
2025-07-22 16:07:13.988  INFO 46119 --- [http-nio-7979-exec-7] com.zaxxer.hikari.HikariDataSource       : HikariPool-1 - Start completed.
2025-07-22 16:07:14.601  INFO 46119 --- [http-nio-7979-exec-7] org.slf4j.LoggerFactory                  : =========================================== End ===========================================

2025-07-22 16:07:14.602  INFO 46119 --- [http-nio-7979-exec-7] org.slf4j.LoggerFactory                  : Response Args: {"code":200,"data":{"userInfo":{"loginTime":1753171634106,"userId":"372326402","username":"admin"},"token":"45456febe7fa4f74a2cc076249605ef6"},"message":"登录成功"}
2025-07-22 16:07:14.602  INFO 46119 --- [http-nio-7979-exec-7] org.slf4j.LoggerFactory                  : Time-Consuming : 776 ms
2025-07-22 16:07:19.876  INFO 46119 --- [http-nio-7979-exec-8] org.slf4j.LoggerFactory                  : ========================================== Start ==========================================
2025-07-22 16:07:19.876  INFO 46119 --- [http-nio-7979-exec-8] org.slf4j.LoggerFactory                  : URL            : http://localhost:7979/fyl/user/login
2025-07-22 16:07:19.877  INFO 46119 --- [http-nio-7979-exec-8] org.slf4j.LoggerFactory                  : Description    : 
2025-07-22 16:07:19.877  INFO 46119 --- [http-nio-7979-exec-8] org.slf4j.LoggerFactory                  : HTTP Method    : POST
2025-07-22 16:07:19.877  INFO 46119 --- [http-nio-7979-exec-8] org.slf4j.LoggerFactory                  : Class Method   : fly.xysimj.jasminediary.controller.UserController.login
2025-07-22 16:07:19.877  INFO 46119 --- [http-nio-7979-exec-8] org.slf4j.LoggerFactory                  : IP             : 0:0:0:0:0:0:0:1
2025-07-22 16:07:19.878  INFO 46119 --- [http-nio-7979-exec-8] org.slf4j.LoggerFactory                  : Request Args   : {"password":"admin123","username":"admin"}{"attributeNames":[],"creationTime":1753171541443,"id":"1452C793094CD596283755C20BF1C50D","lastAccessedTime":1753171634609,"maxInactiveInterval":1800,"new":false,"servletContext":{"attributeNames":["javax.servlet.context.tempdir","org.apache.catalina.resources","org.apache.catalina.webappVersion","org.springframework.web.context.WebApplicationContext.ROOT","org.springframework.web.context.support.ServletContextScope","org.apache.tomcat.InstanceManager","org.apache.catalina.jsp_classpath","javax.websocket.server.ServerContainer","org.apache.tomcat.JarScanner","org.springframework.web.servlet.FrameworkServlet.CONTEXT.dispatcherServlet"],"contextPath":"","defaultSessionTrackingModes":["COOKIE","URL"],"effectiveMajorVersion":3,"effectiveMinorVersion":0,"effectiveSessionTrackingModes":["COOKIE","URL"],"filterRegistrations":{"Tomcat WebSocket (JSR356) Filter":{"className":"org.apache.tomcat.websocket.server.WsFilter","initParameters":{},"name":"Tomcat WebSocket (JSR356) Filter","servletNameMappings":[],"urlPatternMappings":["/*"]},"characterEncodingFilter":{"className":"org.springframework.boot.web.servlet.filter.OrderedCharacterEncodingFilter","initParameters":{},"name":"characterEncodingFilter","servletNameMappings":[],"urlPatternMappings":["/*"]}},"initParameterNames":[],"majorVersion":4,"minorVersion":0,"serverInfo":"Apache Tomcat/9.0.55","servletContextName":"application","servletNames":[],"servletRegistrations":{"dispatcherServlet":{"className":"org.springframework.web.servlet.DispatcherServlet","initParameters":{},"mappings":["/"],"name":"dispatcherServlet"}},"servlets":[],"sessionCookieConfig":{"httpOnly":false,"maxAge":-1,"secure":false},"sessionTimeout":30,"virtualServerName":"Tomcat/localhost"},"sessionContext":{"ids":[]},"valueNames":[]}
2025-07-22 16:07:19.902  INFO 46119 --- [http-nio-7979-exec-8] org.slf4j.LoggerFactory                  : =========================================== End ===========================================

2025-07-22 16:07:19.902  INFO 46119 --- [http-nio-7979-exec-8] org.slf4j.LoggerFactory                  : Response Args: {"code":200,"data":{"userInfo":{"loginTime":1753171639887,"userId":"372326402","username":"admin"},"token":"a962e92d5fe648f9b76c7af5c800ce6f"},"message":"登录成功"}
2025-07-22 16:07:19.903  INFO 46119 --- [http-nio-7979-exec-8] org.slf4j.LoggerFactory                  : Time-Consuming : 27 ms
2025-07-22 16:22:28.031  WARN 46119 --- [http-nio-7979-exec-9] o.s.web.servlet.PageNotFound             : No mapping for GET /sdp/sdpincomeInvoiceController/exportList.htm
2025-07-22 16:22:28.037  WARN 46119 --- [http-nio-7979-exec-9] o.s.web.servlet.PageNotFound             : No mapping for GET /index.html
2025-07-22 16:22:41.884  WARN 46119 --- [HikariPool-1 housekeeper] com.zaxxer.hikari.pool.HikariPool        : HikariPool-1 - Thread starvation or clock leap detected (housekeeper delta=57s692ms).
2025-07-22 16:24:20.208  WARN 46119 --- [HikariPool-1 housekeeper] com.zaxxer.hikari.pool.HikariPool        : HikariPool-1 - Thread starvation or clock leap detected (housekeeper delta=1m8s314ms).
2025-07-22 16:27:44.201  WARN 46119 --- [HikariPool-1 housekeeper] com.zaxxer.hikari.pool.HikariPool        : HikariPool-1 - Thread starvation or clock leap detected (housekeeper delta=49s929ms).
2025-07-22 16:31:45.592  WARN 46119 --- [HikariPool-1 housekeeper] com.zaxxer.hikari.pool.HikariPool        : HikariPool-1 - Thread starvation or clock leap detected (housekeeper delta=52s915ms).
